<?xml version="1.0" encoding="utf-8"?><testsuites name="pytest tests"><testsuite name="pytest" errors="0" failures="0" skipped="0" tests="18" time="1.187" timestamp="2026-09-14T19:09:41.288420-07:00" hostname="KYOSHI"><testcase classname="docs.evidence.h01_sodium_recovery_assay_test" name="test_analytic_relaxation_and_composition" time="0.002" /><testcase classname="docs.evidence.h01_sodium_recovery_assay_test" name="test_invalid_states[args0]" time="0.002" /><testcase classname="docs.evidence.h01_sodium_recovery_assay_test" name="test_invalid_states[args1]" time="0.001" /><testcase classname="docs.evidence.h01_sodium_recovery_assay_test" name="test_invalid_states[args2]" time="0.001" /><testcase classname="docs.evidence.h01_sodium_recovery_assay_test" name="test_invalid_states[args3]" time="0.001" /><testcase classname="docs.evidence.h01_sodium_recovery_assay_test" name="test_invalid_states[args4]" time="0.001" /><testcase classname="docs.evidence.h01_sodium_recovery_assay_test" name="test_invalid_states[args5]" time="0.001" /><testcase classname="docs.evidence.h01_sodium_recovery_assay_test" name="test_assay_has_all_delays_and_strict_second_pulse_window" time="0.002" /><testcase classname="docs.evidence.h01_sodium_recovery_assay_test" name="test_invalid_assay_shape_or_grid[hold0-0.02]" time="0.001" /><testcase classname="docs.evidence.h01_sodium_recovery_assay_test" name="test_invalid_assay_shape_or_grid[hold1-0.03]" time="0.001" /><testcase classname="docs.evidence.h01_sodium_recovery_assay_test" name="test_known_current_recovery_oracle_and_gain_invariance" time="0.002" /><testcase classname="docs.evidence.h01_sodium_recovery_assay_test" name="test_invalid_recovery_observations[t0-y0]" time="0.001" /><testcase classname="docs.evidence.h01_sodium_recovery_assay_test" name="test_invalid_recovery_observations[t1-y1]" time="0.001" /><testcase classname="docs.evidence.h01_sodium_recovery_assay_test" name="test_invalid_recovery_observations[t2-y2]" time="0.001" /><testcase classname="docs.evidence.h01_sodium_recovery_assay_test" name="test_invalid_recovery_observations[t3-y3]" time="0.001" /><testcase classname="docs.evidence.h01_sodium_recovery_assay_test" name="test_invalid_recovery_observations[t4-y4]" time="0.001" /><testcase classname="docs.evidence.h01_sodium_recovery_assay_test" name="test_constant_response_is_unavailable" time="0.001" /><testcase classname="docs.evidence.h01_sodium_recovery_assay_test" name="test_optimizer_failure_is_unavailable" time="0.001" /></testsuite></testsuites>