{"meta": {"format": 3, "version": "7.16.1", "timestamp": "2026-09-14T20:08:42.484131", "branch_coverage": false, "show_contexts": false}, "files": {"docs\\evidence\\h01_pax6_bessel_current.py": {"executed_lines": [3, 5, 9, 11, 12, 15, 33, 35, 36, 37, 41, 42, 43, 44, 45, 49, 50, 51, 52, 53, 54, 55, 56, 57, 58, 59, 60, 73, 75, 84, 103, 104, 106, 107, 108, 109, 110, 111, 115, 116, 118, 126, 129, 132, 133, 134, 135, 136, 138, 139, 140, 141, 142, 143, 144, 145, 146, 147], "summary": {"covered_lines": 58, "num_statements": 58, "percent_covered": 100.0, "percent_covered_display": "100", "missing_lines": 0, "excluded_lines": 17, "percent_statements_covered": 100.0, "percent_statements_covered_display": "100"}, "missing_lines": [], "excluded_lines": [61, 62, 63, 74, 76, 77, 78, 79, 80, 114, 117, 119, 121, 123, 125, 127, 128], "functions": {"prepare_commands": {"executed_lines": [33, 35, 36, 37, 41, 42, 43, 44, 45, 49, 50, 51, 52, 53, 54, 55, 56, 57, 58, 59, 60], "summary": {"covered_lines": 21, "num_statements": 21, "percent_covered": 100.0, "percent_covered_display": "100", "missing_lines": 0, "excluded_lines": 3, "percent_statements_covered": 100.0, "percent_statements_covered_display": "100"}, "missing_lines": [], "excluded_lines": [61, 62, 63], "start_line": 15}, "_mode_forcing": {"executed_lines": [75], "summary": {"covered_lines": 1, "num_statements": 1, "percent_covered": 100.0, "percent_covered_display": "100", "missing_lines": 0, "excluded_lines": 6, "percent_statements_covered": 100.0, "percent_statements_covered_display": "100"}, "missing_lines": [], "excluded_lines": [74, 76, 77, 78, 79, 80], "start_line": 73}, "predict_active": {"executed_lines": [103, 104, 106, 107, 108, 109, 110, 111, 115, 116, 118, 126, 129, 132, 133, 134, 135, 136, 138, 139, 140, 141, 142, 143, 144, 145, 146, 147], "summary": {"covered_lines": 28, "num_statements": 28, "percent_covered": 100.0, "percent_covered_display": "100", "missing_lines": 0, "excluded_lines": 8, "percent_statements_covered": 100.0, "percent_statements_covered_display": "100"}, "missing_lines": [], "excluded_lines": [114, 117, 119, 121, 123, 125, 127, 128], "start_line": 84}, "": {"executed_lines": [3, 5, 9, 11, 12, 15, 73, 84], "summary": {"covered_lines": 8, "num_statements": 8, "percent_covered": 100.0, "percent_covered_display": "100", "missing_lines": 0, "excluded_lines": 0, "percent_statements_covered": 100.0, "percent_statements_covered_display": "100"}, "missing_lines": [], "excluded_lines": [], "start_line": 1}}, "classes": {"": {"executed_lines": [3, 5, 9, 11, 12, 15, 33, 35, 36, 37, 41, 42, 43, 44, 45, 49, 50, 51, 52, 53, 54, 55, 56, 57, 58, 59, 60, 73, 75, 84, 103, 104, 106, 107, 108, 109, 110, 111, 115, 116, 118, 126, 129, 132, 133, 134, 135, 136, 138, 139, 140, 141, 142, 143, 144, 145, 146, 147], "summary": {"covered_lines": 58, "num_statements": 58, "percent_covered": 100.0, "percent_covered_display": "100", "missing_lines": 0, "excluded_lines": 17, "percent_statements_covered": 100.0, "percent_statements_covered_display": "100"}, "missing_lines": [], "excluded_lines": [61, 62, 63, 74, 76, 77, 78, 79, 80, 114, 117, 119, 121, 123, 125, 127, 128], "start_line": 1}}}, "docs\\evidence\\h01_pax6_recording_filter.py": {"executed_lines": [3, 5, 6, 9, 10, 11, 12, 15, 16, 30, 31, 32, 34, 35, 36, 37, 38, 41, 56, 57, 58, 59, 61, 63, 66, 82, 83, 84, 85, 88, 89, 90, 91, 94, 97, 120, 121, 122, 123, 125, 126, 129, 130, 133, 134, 135, 138, 139, 141], "summary": {"covered_lines": 49, "num_statements": 50, "percent_covered": 98.0, "percent_covered_display": "98", "missing_lines": 1, "excluded_lines": 4, "percent_statements_covered": 98.0, "percent_statements_covered_display": "98"}, "missing_lines": [140], "excluded_lines": [60, 86, 87, 92], "functions": {"pole_pairs": {"executed_lines": [30, 31, 32, 34, 35, 36, 37, 38], "summary": {"covered_lines": 8, "num_statements": 8, "percent_covered": 100.0, "percent_covered_display": "100", "missing_lines": 0, "excluded_lines": 0, "percent_statements_covered": 100.0, "percent_statements_covered_display": "100"}, "missing_lines": [], "excluded_lines": [], "start_line": 16}, "bessel_impulse": {"executed_lines": [56, 57, 58, 59, 61, 63], "summary": {"covered_lines": 6, "num_statements": 6, "percent_covered": 100.0, "percent_covered_display": "100", "missing_lines": 0, "excluded_lines": 1, "percent_statements_covered": 100.0, "percent_statements_covered_display": "100"}, "missing_lines": [], "excluded_lines": [60], "start_line": 41}, "bessel_exponential": {"executed_lines": [82, 83, 84, 85, 88, 89, 90, 91, 94], "summary": {"covered_lines": 9, "num_statements": 9, "percent_covered": 100.0, "percent_covered_display": "100", "missing_lines": 0, "excluded_lines": 3, "percent_statements_covered": 100.0, "percent_statements_covered_display": "100"}, "missing_lines": [], "excluded_lines": [86, 87, 92], "start_line": 66}, "predict_control": {"executed_lines": [120, 121, 122, 123, 125, 126, 129, 130, 133, 134, 135, 138, 139, 141], "summary": {"covered_lines": 14, "num_statements": 15, "percent_covered": 93.33333333333333, "percent_covered_display": "93", "missing_lines": 1, "excluded_lines": 0, "percent_statements_covered": 93.33333333333333, "percent_statements_covered_display": "93"}, "missing_lines": [140], "excluded_lines": [], "start_line": 97}, "": {"executed_lines": [3, 5, 6, 9, 10, 11, 12, 15, 16, 41, 66, 97], "summary": {"covered_lines": 12, "num_statements": 12, "percent_covered": 100.0, "percent_covered_display": "100", "missing_lines": 0, "excluded_lines": 0, "percent_statements_covered": 100.0, "percent_statements_covered_display": "100"}, "missing_lines": [], "excluded_lines": [], "start_line": 1}}, "classes": {"": {"executed_lines": [3, 5, 6, 9, 10, 11, 12, 15, 16, 30, 31, 32, 34, 35, 36, 37, 38, 41, 56, 57, 58, 59, 61, 63, 66, 82, 83, 84, 85, 88, 89, 90, 91, 94, 97, 120, 121, 122, 123, 125, 126, 129, 130, 133, 134, 135, 138, 139, 141], "summary": {"covered_lines": 49, "num_statements": 50, "percent_covered": 98.0, "percent_covered_display": "98", "missing_lines": 1, "excluded_lines": 4, "percent_statements_covered": 98.0, "percent_statements_covered_display": "98"}, "missing_lines": [140], "excluded_lines": [60, 86, 87, 92], "start_line": 1}}}}, "totals": {"covered_lines": 107, "num_statements": 108, "percent_covered": 99.07407407407408, "percent_covered_display": "99", "missing_lines": 1, "excluded_lines": 21, "percent_statements_covered": 99.07407407407408, "percent_statements_covered_display": "99"}}