{"meta": {"format": 3, "version": "7.16.1", "timestamp": "2026-09-14T19:49:55.418542", "branch_coverage": false, "show_contexts": false}, "files": {"docs\\evidence\\h01_pax6_recording_filter.py": {"executed_lines": [3, 5, 6, 9, 10, 11, 12, 15, 16, 30, 31, 32, 34, 35, 36, 37, 38, 41, 56, 57, 58, 59, 61, 63, 66, 82, 83, 84, 85, 88, 89, 90, 91, 94, 97, 120, 121, 122, 123, 125, 126, 129, 130, 133, 134, 135, 138, 139, 141], "summary": {"covered_lines": 49, "num_statements": 50, "percent_covered": 98.0, "percent_covered_display": "98", "missing_lines": 1, "excluded_lines": 4, "percent_statements_covered": 98.0, "percent_statements_covered_display": "98"}, "missing_lines": [140], "excluded_lines": [60, 86, 87, 92], "functions": {"pole_pairs": {"executed_lines": [30, 31, 32, 34, 35, 36, 37, 38], "summary": {"covered_lines": 8, "num_statements": 8, "percent_covered": 100.0, "percent_covered_display": "100", "missing_lines": 0, "excluded_lines": 0, "percent_statements_covered": 100.0, "percent_statements_covered_display": "100"}, "missing_lines": [], "excluded_lines": [], "start_line": 16}, "bessel_impulse": {"executed_lines": [56, 57, 58, 59, 61, 63], "summary": {"covered_lines": 6, "num_statements": 6, "percent_covered": 100.0, "percent_covered_display": "100", "missing_lines": 0, "excluded_lines": 1, "percent_statements_covered": 100.0, "percent_statements_covered_display": "100"}, "missing_lines": [], "excluded_lines": [60], "start_line": 41}, "bessel_exponential": {"executed_lines": [82, 83, 84, 85, 88, 89, 90, 91, 94], "summary": {"covered_lines": 9, "num_statements": 9, "percent_covered": 100.0, "percent_covered_display": "100", "missing_lines": 0, "excluded_lines": 3, "percent_statements_covered": 100.0, "percent_statements_covered_display": "100"}, "missing_lines": [], "excluded_lines": [86, 87, 92], "start_line": 66}, "predict_control": {"executed_lines": [120, 121, 122, 123, 125, 126, 129, 130, 133, 134, 135, 138, 139, 141], "summary": {"covered_lines": 14, "num_statements": 15, "percent_covered": 93.33333333333333, "percent_covered_display": "93", "missing_lines": 1, "excluded_lines": 0, "percent_statements_covered": 93.33333333333333, "percent_statements_covered_display": "93"}, "missing_lines": [140], "excluded_lines": [], "start_line": 97}, "": {"executed_lines": [3, 5, 6, 9, 10, 11, 12, 15, 16, 41, 66, 97], "summary": {"covered_lines": 12, "num_statements": 12, "percent_covered": 100.0, "percent_covered_display": "100", "missing_lines": 0, "excluded_lines": 0, "percent_statements_covered": 100.0, "percent_statements_covered_display": "100"}, "missing_lines": [], "excluded_lines": [], "start_line": 1}}, "classes": {"": {"executed_lines": [3, 5, 6, 9, 10, 11, 12, 15, 16, 30, 31, 32, 34, 35, 36, 37, 38, 41, 56, 57, 58, 59, 61, 63, 66, 82, 83, 84, 85, 88, 89, 90, 91, 94, 97, 120, 121, 122, 123, 125, 126, 129, 130, 133, 134, 135, 138, 139, 141], "summary": {"covered_lines": 49, "num_statements": 50, "percent_covered": 98.0, "percent_covered_display": "98", "missing_lines": 1, "excluded_lines": 4, "percent_statements_covered": 98.0, "percent_statements_covered_display": "98"}, "missing_lines": [140], "excluded_lines": [60, 86, 87, 92], "start_line": 1}}}}, "totals": {"covered_lines": 49, "num_statements": 50, "percent_covered": 98.0, "percent_covered_display": "98", "missing_lines": 1, "excluded_lines": 4, "percent_statements_covered": 98.0, "percent_statements_covered_display": "98"}}