{"meta": {"format": 3, "version": "7.16.1", "timestamp": "2026-09-14T19:29:04.682128", "branch_coverage": false, "show_contexts": false}, "files": {"docs\\evidence\\h01_pax6_voltage_model.py": {"executed_lines": [3, 6, 8, 10, 12, 16, 32, 33, 35, 36, 37, 39, 43, 59, 60, 61, 63, 64, 65, 66, 67, 68, 71, 97, 98, 100, 101, 103, 104, 110, 111, 112, 113, 114, 118, 120, 121, 122, 123, 129, 131, 133, 134, 136, 143, 144, 145, 146, 148, 157, 158, 159, 160, 162, 164, 165, 166, 167], "summary": {"covered_lines": 58, "num_statements": 59, "percent_covered": 98.30508474576271, "percent_covered_display": "98", "missing_lines": 1, "excluded_lines": 11, "percent_statements_covered": 98.30508474576271, "percent_statements_covered_display": "98"}, "missing_lines": [163], "excluded_lines": [128, 132, 135, 137, 139, 142, 149, 150, 152, 154, 155], "functions": {"affine_starts": {"executed_lines": [32, 33, 35, 36, 37, 39], "summary": {"covered_lines": 6, "num_statements": 6, "percent_covered": 100.0, "percent_covered_display": "100", "missing_lines": 0, "excluded_lines": 0, "percent_statements_covered": 100.0, "percent_statements_covered_display": "100"}, "missing_lines": [], "excluded_lines": [], "start_line": 16}, "filtered_exponential": {"executed_lines": [59, 60, 61, 63, 64, 65, 66, 67, 68], "summary": {"covered_lines": 9, "num_statements": 9, "percent_covered": 100.0, "percent_covered_display": "100", "missing_lines": 0, "excluded_lines": 0, "percent_statements_covered": 100.0, "percent_statements_covered_display": "100"}, "missing_lines": [], "excluded_lines": [], "start_line": 43}, "predict": {"executed_lines": [97, 98, 100, 101, 103, 104, 110, 111, 112, 113, 114, 118, 120, 121, 122, 123, 129, 131, 133, 134, 136, 143, 144, 145, 146, 148, 157, 158, 159, 160, 162, 164, 165, 166, 167], "summary": {"covered_lines": 35, "num_statements": 36, "percent_covered": 97.22222222222223, "percent_covered_display": "97", "missing_lines": 1, "excluded_lines": 11, "percent_statements_covered": 97.22222222222223, "percent_statements_covered_display": "97"}, "missing_lines": [163], "excluded_lines": [128, 132, 135, 137, 139, 142, 149, 150, 152, 154, 155], "start_line": 71}, "": {"executed_lines": [3, 6, 8, 10, 12, 16, 43, 71], "summary": {"covered_lines": 8, "num_statements": 8, "percent_covered": 100.0, "percent_covered_display": "100", "missing_lines": 0, "excluded_lines": 0, "percent_statements_covered": 100.0, "percent_statements_covered_display": "100"}, "missing_lines": [], "excluded_lines": [], "start_line": 1}}, "classes": {"": {"executed_lines": [3, 6, 8, 10, 12, 16, 32, 33, 35, 36, 37, 39, 43, 59, 60, 61, 63, 64, 65, 66, 67, 68, 71, 97, 98, 100, 101, 103, 104, 110, 111, 112, 113, 114, 118, 120, 121, 122, 123, 129, 131, 133, 134, 136, 143, 144, 145, 146, 148, 157, 158, 159, 160, 162, 164, 165, 166, 167], "summary": {"covered_lines": 58, "num_statements": 59, "percent_covered": 98.30508474576271, "percent_covered_display": "98", "missing_lines": 1, "excluded_lines": 11, "percent_statements_covered": 98.30508474576271, "percent_statements_covered_display": "98"}, "missing_lines": [163], "excluded_lines": [128, 132, 135, 137, 139, 142, 149, 150, 152, 154, 155], "start_line": 1}}}}, "totals": {"covered_lines": 58, "num_statements": 59, "percent_covered": 98.30508474576271, "percent_covered_display": "98", "missing_lines": 1, "excluded_lines": 11, "percent_statements_covered": 98.30508474576271, "percent_statements_covered_display": "98"}}