{"meta": {"format": 3, "version": "7.15.4", "timestamp": "2026-09-13T12:17:42.208525", "branch_coverage": false, "show_contexts": false}, "files": {"docs\\biology\\neuroglial_contact_probe.py": {"executed_lines": [3, 4, 5, 6, 7, 8, 10, 11, 12, 13, 14, 15, 16, 18, 19, 20, 21, 22, 23, 24, 25, 26, 27, 30, 45, 46, 47, 48, 49, 50, 51, 52, 53, 54, 55, 56, 57, 58, 59, 61, 62, 65, 66, 67, 68, 70, 71, 72, 75, 76, 77, 78, 81, 82, 83, 84, 86, 87, 88, 91, 104, 105, 106, 107, 109, 110, 114, 116, 117, 118, 120, 121, 123, 124, 125, 126, 127, 128, 130, 131, 132, 135, 136, 137, 138, 139, 140, 141, 142, 143, 144, 145, 160, 161, 164, 172, 173, 174, 175, 176, 177, 178, 179, 180, 181, 182, 183, 184, 187, 195, 196, 198, 199, 200, 201, 202, 203, 204, 205, 206, 207, 208, 212, 213, 214, 216, 217], "summary": {"covered_lines": 127, "num_statements": 128, "percent_covered": 99.21875, "percent_covered_display": "99", "missing_lines": 1, "excluded_lines": 2, "percent_statements_covered": 99.21875, "percent_statements_covered_display": "99"}, "missing_lines": [73], "excluded_lines": [220, 221], "functions": {"contact_fixture": {"executed_lines": [45, 46, 47, 48, 49, 50, 51, 52, 53, 54, 55, 56, 57, 58, 59, 61, 62], "summary": {"covered_lines": 17, "num_statements": 17, "percent_covered": 100.0, "percent_covered_display": "100", "missing_lines": 0, "excluded_lines": 0, "percent_statements_covered": 100.0, "percent_statements_covered_display": "100"}, "missing_lines": [], "excluded_lines": [], "start_line": 30}, "_ContactView.__init__": {"executed_lines": [67, 68], "summary": {"covered_lines": 2, "num_statements": 2, "percent_covered": 100.0, "percent_covered_display": "100", "missing_lines": 0, "excluded_lines": 0, "percent_statements_covered": 100.0, "percent_statements_covered_display": "100"}, "missing_lines": [], "excluded_lines": [], "start_line": 66}, "_ContactView.states": {"executed_lines": [71, 72], "summary": {"covered_lines": 2, "num_statements": 3, "percent_covered": 66.66666666666667, "percent_covered_display": "67", "missing_lines": 1, "excluded_lines": 0, "percent_statements_covered": 66.66666666666667, "percent_statements_covered_display": "67"}, "missing_lines": [73], "excluded_lines": [], "start_line": 70}, "_ContactView.update": {"executed_lines": [76, 77, 78, 81, 82, 83, 84, 86, 87, 88], "summary": {"covered_lines": 10, "num_statements": 10, "percent_covered": 100.0, "percent_covered_display": "100", "missing_lines": 0, "excluded_lines": 0, "percent_statements_covered": 100.0, "percent_statements_covered_display": "100"}, "missing_lines": [], "excluded_lines": [], "start_line": 75}, "qualify": {"executed_lines": [104, 105, 106, 107, 109, 116, 120, 123, 124, 125, 126, 127, 128, 130, 131, 132, 135, 136, 137, 138, 139, 140, 141, 142, 143, 144, 145, 160, 161], "summary": {"covered_lines": 29, "num_statements": 29, "percent_covered": 100.0, "percent_covered_display": "100", "missing_lines": 0, "excluded_lines": 0, "percent_statements_covered": 100.0, "percent_statements_covered_display": "100"}, "missing_lines": [], "excluded_lines": [], "start_line": 91}, "qualify.online": {"executed_lines": [110, 114], "summary": {"covered_lines": 2, "num_statements": 2, "percent_covered": 100.0, "percent_covered_display": "100", "missing_lines": 0, "excluded_lines": 0, "percent_statements_covered": 100.0, "percent_statements_covered_display": "100"}, "missing_lines": [], "excluded_lines": [], "start_line": 109}, "qualify.trajectory": {"executed_lines": [117, 118], "summary": {"covered_lines": 2, "num_statements": 2, "percent_covered": 100.0, "percent_covered_display": "100", "missing_lines": 0, "excluded_lines": 0, "percent_statements_covered": 100.0, "percent_statements_covered_display": "100"}, "missing_lines": [], "excluded_lines": [], "start_line": 116}, "qualify.loss": {"executed_lines": [121], "summary": {"covered_lines": 1, "num_statements": 1, "percent_covered": 100.0, "percent_covered_display": "100", "missing_lines": 0, "excluded_lines": 0, "percent_statements_covered": 100.0, "percent_statements_covered_display": "100"}, "missing_lines": [], "excluded_lines": [], "start_line": 120}, "validate": {"executed_lines": [172, 173, 174, 175, 176, 177, 178, 179, 180, 181, 182, 183, 184], "summary": {"covered_lines": 13, "num_statements": 13, "percent_covered": 100.0, "percent_covered_display": "100", "missing_lines": 0, "excluded_lines": 0, "percent_statements_covered": 100.0, "percent_statements_covered_display": "100"}, "missing_lines": [], "excluded_lines": [], "start_line": 164}, "main": {"executed_lines": [195, 196, 198, 199, 200, 201, 202, 203, 204, 205, 206, 207, 208, 212, 213, 214, 216, 217], "summary": {"covered_lines": 18, "num_statements": 18, "percent_covered": 100.0, "percent_covered_display": "100", "missing_lines": 0, "excluded_lines": 0, "percent_statements_covered": 100.0, "percent_statements_covered_display": "100"}, "missing_lines": [], "excluded_lines": [], "start_line": 187}, "": {"executed_lines": [3, 4, 5, 6, 7, 8, 10, 11, 12, 13, 14, 15, 16, 18, 19, 20, 21, 22, 23, 24, 25, 26, 27, 30, 65, 66, 70, 75, 91, 164, 187], "summary": {"covered_lines": 31, "num_statements": 31, "percent_covered": 100.0, "percent_covered_display": "100", "missing_lines": 0, "excluded_lines": 2, "percent_statements_covered": 100.0, "percent_statements_covered_display": "100"}, "missing_lines": [], "excluded_lines": [220, 221], "start_line": 1}}, "classes": {"_ContactView": {"executed_lines": [67, 68, 71, 72, 76, 77, 78, 81, 82, 83, 84, 86, 87, 88], "summary": {"covered_lines": 14, "num_statements": 15, "percent_covered": 93.33333333333333, "percent_covered_display": "93", "missing_lines": 1, "excluded_lines": 0, "percent_statements_covered": 93.33333333333333, "percent_statements_covered_display": "93"}, "missing_lines": [73], "excluded_lines": [], "start_line": 65}, "": {"executed_lines": [3, 4, 5, 6, 7, 8, 10, 11, 12, 13, 14, 15, 16, 18, 19, 20, 21, 22, 23, 24, 25, 26, 27, 30, 45, 46, 47, 48, 49, 50, 51, 52, 53, 54, 55, 56, 57, 58, 59, 61, 62, 65, 66, 70, 75, 91, 104, 105, 106, 107, 109, 110, 114, 116, 117, 118, 120, 121, 123, 124, 125, 126, 127, 128, 130, 131, 132, 135, 136, 137, 138, 139, 140, 141, 142, 143, 144, 145, 160, 161, 164, 172, 173, 174, 175, 176, 177, 178, 179, 180, 181, 182, 183, 184, 187, 195, 196, 198, 199, 200, 201, 202, 203, 204, 205, 206, 207, 208, 212, 213, 214, 216, 217], "summary": {"covered_lines": 113, "num_statements": 113, "percent_covered": 100.0, "percent_covered_display": "100", "missing_lines": 0, "excluded_lines": 2, "percent_statements_covered": 100.0, "percent_statements_covered_display": "100"}, "missing_lines": [], "excluded_lines": [220, 221], "start_line": 1}}}}, "totals": {"covered_lines": 127, "num_statements": 128, "percent_covered": 99.21875, "percent_covered_display": "99", "missing_lines": 1, "excluded_lines": 2, "percent_statements_covered": 99.21875, "percent_statements_covered_display": "99"}}