<?xml version="1.0" encoding="utf-8"?><testsuites name="pytest tests"><testsuite name="pytest" errors="0" failures="0" skipped="0" tests="34" time="5.638" timestamp="2026-09-14T17:16:48.293279-07:00" hostname="KYOSHI"><testcase classname="docs.evidence.h01_k_recovery_test" name="test_selection_preserves_values_groups_and_duplicate_receipt" time="0.005" /><testcase classname="docs.evidence.h01_k_recovery_test" name="test_invalid_source_rejected[change0]" time="0.004" /><testcase classname="docs.evidence.h01_k_recovery_test" name="test_invalid_source_rejected[change1]" time="0.002" /><testcase classname="docs.evidence.h01_k_recovery_test" name="test_invalid_source_rejected[change2]" time="0.002" /><testcase classname="docs.evidence.h01_k_recovery_test" name="test_invalid_source_rejected[change3]" time="0.003" /><testcase classname="docs.evidence.h01_k_recovery_test" name="test_invalid_source_rejected[change4]" time="0.003" /><testcase classname="docs.evidence.h01_k_recovery_test" name="test_invalid_source_rejected[change5]" time="0.003" /><testcase classname="docs.evidence.h01_k_recovery_test" name="test_invalid_source_rejected[change6]" time="0.003" /><testcase classname="docs.evidence.h01_k_recovery_test" name="test_invalid_source_rejected[change7]" time="0.003" /><testcase classname="docs.evidence.h01_k_recovery_test" name="test_invalid_source_rejected[change8]" time="0.003" /><testcase classname="docs.evidence.h01_k_recovery_test" name="test_missing_pairs_and_duplicate_identity" time="0.004" /><testcase classname="docs.evidence.h01_k_recovery_test" name="test_no_curves_rejected" time="0.002" /><testcase classname="docs.evidence.h01_k_recovery_test" name="test_analytic_limits_and_monotonicity" time="0.006" /><testcase classname="docs.evidence.h01_k_recovery_test" name="test_known_synthetic_recovery[double-params0]" time="0.032" /><testcase classname="docs.evidence.h01_k_recovery_test" name="test_known_synthetic_recovery[single-params1]" time="0.017" /><testcase classname="docs.evidence.h01_k_recovery_test" name="test_invalid_fit_inputs[curves0-single]" time="0.003" /><testcase classname="docs.evidence.h01_k_recovery_test" name="test_invalid_fit_inputs[curves1-single]" time="0.003" /><testcase classname="docs.evidence.h01_k_recovery_test" name="test_invalid_fit_inputs[curves2-single]" time="0.002" /><testcase classname="docs.evidence.h01_k_recovery_test" name="test_invalid_fit_inputs[curves3-single]" time="0.003" /><testcase classname="docs.evidence.h01_k_recovery_test" name="test_invalid_fit_inputs[curves4-single]" time="0.002" /><testcase classname="docs.evidence.h01_k_recovery_test" name="test_invalid_fit_inputs[curves5-unknown]" time="0.002" /><testcase classname="docs.evidence.h01_k_recovery_test" name="test_optimizer_failure_is_not_candidate" time="0.002" /><testcase classname="docs.evidence.h01_k_recovery_test" name="test_unequal_record_lengths_have_equal_total_weight" time="0.062" /><testcase classname="docs.evidence.h01_k_recovery_test" name="test_unknown_curve_family" time="0.002" /><testcase classname="docs.evidence.h01_human_channel_source_test" name="test_human_rows_preserve_qc_and_missing_values_without_mouse_inputs" time="0.002" /><testcase classname="docs.evidence.h01_human_channel_source_test" name="test_documented_filename_rule_for_sodium" time="0.002" /><testcase classname="docs.evidence.h01_human_channel_source_test" name="test_invalid_source_identity[records0-False]" time="0.002" /><testcase classname="docs.evidence.h01_human_channel_source_test" name="test_invalid_source_identity[records1-False]" time="0.002" /><testcase classname="docs.evidence.h01_human_channel_source_test" name="test_invalid_source_identity[records2-True]" time="0.003" /><testcase classname="docs.evidence.h01_human_channel_source_test" name="test_invalid_source_identity[records3-True]" time="0.003" /><testcase classname="docs.evidence.h01_human_channel_source_test" name="test_invalid_source_identity[records4-True]" time="0.003" /><testcase classname="docs.evidence.h01_human_channel_source_test" name="test_invalid_source_identity[records5-False]" time="0.003" /><testcase classname="docs.evidence.h01_human_channel_source_test" name="test_invalid_source_identity[records6-False]" time="0.003" /><testcase classname="docs.evidence.h01_human_channel_source_test" name="test_invalid_source_identity[records7-False]" time="0.003" /></testsuite></testsuites>