{"meta": {"format": 3, "version": "7.15.4", "timestamp": "2026-09-12T12:34:13.862156", "branch_coverage": false, "show_contexts": false}, "files": {"braintrace\\datasets\\h01_glia.py": {"executed_lines": [3, 4, 5, 6, 7, 9, 10, 11, 12, 13, 15, 18, 19, 32, 33, 35, 36, 37, 38, 39, 40, 41, 42, 44, 45, 47, 48, 50, 58, 60, 61, 63, 66, 67, 81, 82, 84, 87, 108, 109, 110, 111, 112, 113, 114, 115, 116, 117, 118, 119, 120, 121, 123, 124, 126, 127, 128, 129, 130, 131, 132, 133, 134, 135, 136, 137, 138, 139, 140, 141, 142, 143, 144, 145, 146, 147, 148, 149, 150, 152, 153, 154, 155, 156, 157, 158, 159, 162, 163, 164, 166, 167, 168, 169, 170, 171, 172, 173, 174, 180], "summary": {"covered_lines": 100, "num_statements": 100, "percent_covered": 100.0, "percent_covered_display": "100", "missing_lines": 0, "excluded_lines": 0, "percent_statements_covered": 100.0, "percent_statements_covered_display": "100"}, "missing_lines": [], "excluded_lines": [], "functions": {"H01GlialSelection.__init__": {"executed_lines": [33, 35, 36, 37, 38, 39, 40, 41, 42, 44, 45, 47, 48], "summary": {"covered_lines": 13, "num_statements": 13, "percent_covered": 100.0, "percent_covered_display": "100", "missing_lines": 0, "excluded_lines": 0, "percent_statements_covered": 100.0, "percent_statements_covered_display": "100"}, "missing_lines": [], "excluded_lines": [], "start_line": 32}, "H01GlialSelection.to_dict": {"executed_lines": [58], "summary": {"covered_lines": 1, "num_statements": 1, "percent_covered": 100.0, "percent_covered_display": "100", "missing_lines": 0, "excluded_lines": 0, "percent_statements_covered": 100.0, "percent_statements_covered_display": "100"}, "missing_lines": [], "excluded_lines": [], "start_line": 50}, "H01GlialSelection.sha256": {"executed_lines": [63], "summary": {"covered_lines": 1, "num_statements": 1, "percent_covered": 100.0, "percent_covered_display": "100", "missing_lines": 0, "excluded_lines": 0, "percent_statements_covered": 100.0, "percent_statements_covered_display": "100"}, "missing_lines": [], "excluded_lines": [], "start_line": 61}, "H01GlialFragment.evidence": {"executed_lines": [84], "summary": {"covered_lines": 1, "num_statements": 1, "percent_covered": 100.0, "percent_covered_display": "100", "missing_lines": 0, "excluded_lines": 0, "percent_statements_covered": 100.0, "percent_statements_covered_display": "100"}, "missing_lines": [], "excluded_lines": [], "start_line": 82}, "load_glial_fragment": {"executed_lines": [108, 109, 110, 111, 112, 113, 114, 115, 116, 117, 118, 119, 120, 121, 123, 124, 126, 127, 128, 129, 130, 131, 132, 133, 134, 135, 136, 137, 138, 139, 140, 141, 142, 143, 144, 145, 146, 147, 148, 149, 150, 152, 153, 154, 155, 156, 157, 158, 159, 162, 163, 164, 166, 167, 168, 169, 170, 171, 172, 173, 174, 180], "summary": {"covered_lines": 62, "num_statements": 62, "percent_covered": 100.0, "percent_covered_display": "100", "missing_lines": 0, "excluded_lines": 0, "percent_statements_covered": 100.0, "percent_statements_covered_display": "100"}, "missing_lines": [], "excluded_lines": [], "start_line": 87}, "": {"executed_lines": [3, 4, 5, 6, 7, 9, 10, 11, 12, 13, 15, 18, 19, 32, 50, 60, 61, 66, 67, 81, 82, 87], "summary": {"covered_lines": 22, "num_statements": 22, "percent_covered": 100.0, "percent_covered_display": "100", "missing_lines": 0, "excluded_lines": 0, "percent_statements_covered": 100.0, "percent_statements_covered_display": "100"}, "missing_lines": [], "excluded_lines": [], "start_line": 1}}, "classes": {"H01GlialSelection": {"executed_lines": [33, 35, 36, 37, 38, 39, 40, 41, 42, 44, 45, 47, 48, 58, 63], "summary": {"covered_lines": 15, "num_statements": 15, "percent_covered": 100.0, "percent_covered_display": "100", "missing_lines": 0, "excluded_lines": 0, "percent_statements_covered": 100.0, "percent_statements_covered_display": "100"}, "missing_lines": [], "excluded_lines": [], "start_line": 19}, "H01GlialFragment": {"executed_lines": [84], "summary": {"covered_lines": 1, "num_statements": 1, "percent_covered": 100.0, "percent_covered_display": "100", "missing_lines": 0, "excluded_lines": 0, "percent_statements_covered": 100.0, "percent_statements_covered_display": "100"}, "missing_lines": [], "excluded_lines": [], "start_line": 67}, "": {"executed_lines": [3, 4, 5, 6, 7, 9, 10, 11, 12, 13, 15, 18, 19, 32, 50, 60, 61, 66, 67, 81, 82, 87, 108, 109, 110, 111, 112, 113, 114, 115, 116, 117, 118, 119, 120, 121, 123, 124, 126, 127, 128, 129, 130, 131, 132, 133, 134, 135, 136, 137, 138, 139, 140, 141, 142, 143, 144, 145, 146, 147, 148, 149, 150, 152, 153, 154, 155, 156, 157, 158, 159, 162, 163, 164, 166, 167, 168, 169, 170, 171, 172, 173, 174, 180], "summary": {"covered_lines": 84, "num_statements": 84, "percent_covered": 100.0, "percent_covered_display": "100", "missing_lines": 0, "excluded_lines": 0, "percent_statements_covered": 100.0, "percent_statements_covered_display": "100"}, "missing_lines": [], "excluded_lines": [], "start_line": 1}}}, "braintrace\\datasets\\h01_glial_cable.py": {"executed_lines": [3, 4, 6, 7, 8, 9, 10, 12, 13, 14, 15, 18, 40, 42, 43, 44, 45, 46, 47, 49, 50, 51, 53, 54, 55, 56, 57, 59, 61, 62, 64, 65, 67, 69], "summary": {"covered_lines": 34, "num_statements": 34, "percent_covered": 100.0, "percent_covered_display": "100", "missing_lines": 0, "excluded_lines": 0, "percent_statements_covered": 100.0, "percent_statements_covered_display": "100"}, "missing_lines": [], "excluded_lines": [], "functions": {"build_glial_cable": {"executed_lines": [40, 42, 43, 44, 45, 46, 47, 49, 50, 51, 53, 54, 55, 56, 57, 59, 61, 62, 64, 65, 67, 69], "summary": {"covered_lines": 22, "num_statements": 22, "percent_covered": 100.0, "percent_covered_display": "100", "missing_lines": 0, "excluded_lines": 0, "percent_statements_covered": 100.0, "percent_statements_covered_display": "100"}, "missing_lines": [], "excluded_lines": [], "start_line": 18}, "": {"executed_lines": [3, 4, 6, 7, 8, 9, 10, 12, 13, 14, 15, 18], "summary": {"covered_lines": 12, "num_statements": 12, "percent_covered": 100.0, "percent_covered_display": "100", "missing_lines": 0, "excluded_lines": 0, "percent_statements_covered": 100.0, "percent_statements_covered_display": "100"}, "missing_lines": [], "excluded_lines": [], "start_line": 1}}, "classes": {"": {"executed_lines": [3, 4, 6, 7, 8, 9, 10, 12, 13, 14, 15, 18, 40, 42, 43, 44, 45, 46, 47, 49, 50, 51, 53, 54, 55, 56, 57, 59, 61, 62, 64, 65, 67, 69], "summary": {"covered_lines": 34, "num_statements": 34, "percent_covered": 100.0, "percent_covered_display": "100", "missing_lines": 0, "excluded_lines": 0, "percent_statements_covered": 100.0, "percent_statements_covered_display": "100"}, "missing_lines": [], "excluded_lines": [], "start_line": 1}}}}, "totals": {"covered_lines": 134, "num_statements": 134, "percent_covered": 100.0, "percent_covered_display": "100", "missing_lines": 0, "excluded_lines": 0, "percent_statements_covered": 100.0, "percent_statements_covered_display": "100"}}